<?xml version="1.0" encoding="UTF-8"?>
<testng-results ignored="0" total="2" passed="2" failed="0" skipped="0">
  <reporter-output>
  </reporter-output>
  <suite started-at="2023-04-04T21:28:14 IST" name="Default suite" finished-at="2023-04-04T21:28:14 IST" duration-ms="80">
    <groups>
    </groups>
    <test started-at="2023-04-04T21:28:14 IST" name="Default test" finished-at="2023-04-04T21:28:14 IST" duration-ms="80">
      <class name="practice.DemoTest">
        <test-method signature="sampleTest()[pri:0, instance:practice.DemoTest@5dd6264]" started-at="2023-04-04T21:28:14 IST" name="sampleTest" finished-at="2023-04-04T21:28:14 IST" duration-ms="18" status="PASS">
          <reporter-output>
          </reporter-output>
        </test-method> <!-- sampleTest -->
      </class> <!-- practice.DemoTest -->
      <class name="practice.Demo2Test">
        <test-method signature="sampleTest2()[pri:0, instance:practice.Demo2Test@6d2a209c]" started-at="2023-04-04T21:28:14 IST" name="sampleTest2" finished-at="2023-04-04T21:28:14 IST" duration-ms="3" status="PASS">
          <reporter-output>
          </reporter-output>
        </test-method> <!-- sampleTest2 -->
      </class> <!-- practice.Demo2Test -->
    </test> <!-- Default test -->
  </suite> <!-- Default suite -->
</testng-results>
