<?xml version="1.0" encoding="UTF-8"?>
<testng-results ignored="0" total="2" passed="2" failed="0" skipped="0">
  <reporter-output>
  </reporter-output>
  <suite started-at="2023-04-16T14:19:39 IST" name="Default suite" finished-at="2023-04-16T14:19:40 IST" duration-ms="198">
    <groups>
    </groups>
    <test started-at="2023-04-16T14:19:39 IST" name="Default test" finished-at="2023-04-16T14:19:40 IST" duration-ms="198">
      <class name="practice.DemoTest">
        <test-method signature="sampleTest()[pri:0, instance:practice.DemoTest@460f76a6]" started-at="2023-04-16T14:19:40 IST" name="sampleTest" finished-at="2023-04-16T14:19:40 IST" duration-ms="44" status="PASS">
          <reporter-output>
          </reporter-output>
        </test-method> <!-- sampleTest -->
      </class> <!-- practice.DemoTest -->
      <class name="practice.Demo2Test">
        <test-method signature="sampleTest2()[pri:0, instance:practice.Demo2Test@532a02d9]" started-at="2023-04-16T14:19:40 IST" name="sampleTest2" finished-at="2023-04-16T14:19:40 IST" duration-ms="5" status="PASS">
          <reporter-output>
          </reporter-output>
        </test-method> <!-- sampleTest2 -->
      </class> <!-- practice.Demo2Test -->
    </test> <!-- Default test -->
  </suite> <!-- Default suite -->
</testng-results>
